2024-06-15T14:34:14  test: add edge case
2024-07-04T09:51:21  refactor: tidy internals
2024-07-30T16:08:28  fix: handle empty input gracefully
2024-08-26T11:25:35  perf: micro-optimization
2024-09-21T18:42:42  style: formatting
2024-10-18T13:59:49  chore: bump dev tooling
2024-11-06T08:16:56  docs: expand examples
2024-12-03T15:33:03  test: strengthen coverage
2024-12-29T10:50:10  chore: tune defaults
2025-01-25T17:07:17  refactor: simplify helper
2025-02-20T12:24:24  chore: routine maintenance
2025-03-19T19:41:31  docs: clarify usage notes
2025-04-07T14:58:38  test: add edge case
2025-05-04T09:15:45  refactor: tidy internals
2025-05-30T16:32:52  fix: handle empty input gracefully
2025-06-26T11:49:59  perf: micro-optimization
2025-06-28T18:06:06  style: formatting
2025-07-24T13:23:13  chore: bump dev tooling
2025-09-06T08:40:20  docs: expand examples
2025-09-08T15:57:27  test: strengthen coverage
2025-10-05T10:14:34  chore: tune defaults
2025-10-31T17:31:41  refactor: simplify helper
2025-11-27T12:48:48  chore: routine maintenance
2025-12-16T19:05:55  docs: clarify usage notes
2026-01-12T14:22:02  test: add edge case
2026-02-07T09:39:09  refactor: tidy internals
2026-03-06T16:56:16  fix: handle empty input gracefully
2026-04-01T11:13:23  perf: micro-optimization
2026-04-28T18:30:30  style: formatting
2026-05-17T13:47:37  chore: bump dev tooling
